<?xml version="1.0" encoding="UTF-8"?>
<!-- Generated by org.testng.reporters.JUnitXMLReporter -->
<testsuite ignored="3" hostname="DESKTOP-VQKRNNU" failures="0" tests="6" name="Test" time="0.23" errors="0" timestamp="2023-01-04T13:28:09 IST">
  <testcase classname="Hari_Practice.Assert_XML" name="HardAssert1" time="0.021"/>
  <testcase classname="Hari_Practice.testngpracticeTest" name="BBB" time="0.006"/>
  <testcase classname="Hari_Practice.testngpracticeTest" name="DDD" time="0.002"/>
  <testcase classname="Hari_Practice.testngpracticeTest" name="EEE" time="0.002"/>
  <testcase classname="Hari_Practice.testngpracticeTest" name="FFF" time="0.009"/>
  <testcase classname="Hari_Practice.testngpracticeTest" name="GGG" time="0.016"/>
  <testcase classname="Hari_Practice.testngpracticeTest" name="AAA" time="0.0">
    <ignored/>
  </testcase> <!-- AAA -->
  <testcase classname="Hari_Practice.Assert_XML" name="SoftAssert2" time="0.0">
    <ignored/>
  </testcase> <!-- SoftAssert2 -->
  <testcase classname="Hari_Practice.testngpracticeTest" name="CCC" time="0.0">
    <ignored/>
  </testcase> <!-- CCC -->
</testsuite> <!-- Test -->
