<?xml version="1.0" encoding="UTF-8"?>
<!-- Generated by org.testng.reporters.JUnitXMLReporter -->
<testsuite ignored="3" hostname="DESKTOP-VQKRNNU" failures="0" tests="6" name="Test1" time="0.208" errors="0" timestamp="2023-01-04T13:38:57 IST">
  <testcase classname="Hari_Practice.testngpracticeTest" name="BBB" time="0.026"/>
  <testcase classname="Hari_Practice.testngpracticeTest" name="DDD" time="0.003"/>
  <testcase classname="Hari_Practice.testngpracticeTest" name="EEE" time="0.001"/>
  <testcase classname="Hari_Practice.Assert_XML" name="HardAssert1" time="0.071"/>
  <testcase classname="Hari_Practice.testngpracticeTest" name="FFF" time="0.025"/>
  <testcase classname="Hari_Practice.testngpracticeTest" name="GGG" time="0.007"/>
  <testcase classname="Hari_Practice.testngpracticeTest" name="CCC" time="0.0">
    <ignored/>
  </testcase> <!-- CCC -->
  <testcase classname="Hari_Practice.Assert_XML" name="SoftAssert2" time="0.0">
    <ignored/>
  </testcase> <!-- SoftAssert2 -->
  <testcase classname="Hari_Practice.testngpracticeTest" name="AAA" time="0.0">
    <ignored/>
  </testcase> <!-- AAA -->
</testsuite> <!-- Test1 -->
